<?xml version="1.0" encoding="UTF-8"?>
<testng-results skipped="0" failed="0" ignored="0" total="1" passed="1">
  <reporter-output>
  </reporter-output>
  <suite name="Default suite" duration-ms="18333" started-at="2019-10-12T09:49:48Z" finished-at="2019-10-12T09:50:07Z">
    <groups>
    </groups>
    <test name="Default test" duration-ms="18333" started-at="2019-10-12T09:49:48Z" finished-at="2019-10-12T09:50:07Z">
      <class name="exercise.uipath.Sample">
        <test-method status="PASS" signature="uipath()[pri:0, instance:exercise.uipath.Sample@204f30ec]" name="uipath" duration-ms="18295" started-at="2019-10-12T09:49:49Z" finished-at="2019-10-12T09:50:07Z">
          <reporter-output>
          </reporter-output>
        </test-method> <!-- uipath -->
      </class> <!-- exercise.uipath.Sample -->
    </test> <!-- Default test -->
  </suite> <!-- Default suite -->
</testng-results>
